<?xml version="1.0" encoding="UTF-8"?>
<!-- Generated by org.testng.reporters.JUnitReportReporter -->
<testsuite hostname="MacBook-Pro.local" failures="0" tests="5" name="tests.ApiTests" time="14.052" errors="0" timestamp="2024-06-07T22:01:40 IST" skipped="0">
  <testcase classname="tests.ApiTests" name="payLaterTests" time="4.006"/>
  <system-out/>
  <testcase classname="tests.ApiTests" name="addFlightTest" time="1.424"/>
  <system-out/>
  <testcase classname="tests.ApiTests" name="getPciSessionTest" time="0.744"/>
  <system-out/>
  <testcase classname="tests.ApiTests" name="paymentTest" time="4.860"/>
  <system-out/>
  <testcase classname="tests.ApiTests" name="flightSearchTest" time="3.018"/>
  <system-out/>
</testsuite> <!-- tests.ApiTests -->
