<?xml version="1.0" encoding="UTF-8"?>
<!-- Generated by org.testng.reporters.JUnitReportReporter -->
<testsuite hostname="MacBook-Pro.local" failures="0" tests="1" name="tests.DateUtility" time="0.042" errors="0" timestamp="2024-06-05T16:18:51 IST" skipped="0">
  <testcase classname="tests.DateUtility" name="testdate" time="0.042"/>
  <system-out/>
</testsuite> <!-- tests.DateUtility -->
