<?xml version="1.0" encoding="UTF-8"?>
<!-- Generated by org.testng.reporters.JUnitReportReporter -->
<testsuite hostname="MacBook-Pro.local" failures="0" tests="1" name="tests.FlightSearchTests" time="3.741" errors="0" timestamp="2024-06-05T19:16:12 IST" skipped="0">
  <testcase classname="tests.FlightSearchTests" name="flightSearchTest" time="3.741"/>
  <system-out/>
</testsuite> <!-- tests.FlightSearchTests -->
